Run internal JsTestDriver tests and check for the expected output.

Newer versions of zope.testing have a "run_internal" function
specifically used for internal testing, where as the "run" function
does an unconditional "sys.exit()" now. So use "run_internal" if it's
available.

    >>> import os
    >>> from zope.testing import testrunner
    >>> runner = getattr(testrunner, "run_internal", testrunner.run)

    >>> defaults = [
    ...     "--path", root_directory,
    ...     "-m", "lazr.testing.tests.test_js",
    ...     "-t", "JsTestDriverSelfTest",
    ...     ]


Set JSTESTDRIVER_SELFTEST in the environment in order to enable the
self test registration:

    >>> os.environ["JSTESTDRIVER_SELFTEST"] = "1"

Run in verbose mode, so that the timings are displayed too. Progress
doesn't work very well at the moment due to JsTestDriver not reporting
test count upfront so disable it.

    >>> runner(defaults, "--no-progress -vvv".split())
    Running tests at level 1
    Running lazr.testing.jstestdriver.JsTestDriverLayer tests:
      Set up lazr.testing.jstestdriver.JsTestDriverLayer in N.NNN seconds.
      Running:
     testAssertFalse:BrowserN.N.N.N (ErrorInlineTestCase) (N.NNN s)
    <BLANKLINE>
    <BLANKLINE>
    Error in test testAssertFalse:BrowserN.N.N.N (ErrorInlineTestCase)
    Traceback (most recent call last):
    ...
    JsTestDriverError: y is not defined
    <BLANKLINE>
     (N.NNN s)
     testAssertNull:BrowserN.N.N.N (ErrorInlineTestCase) (N.NNN s)
    <BLANKLINE>
    <BLANKLINE>
    Error in test testAssertNull:BrowserN.N.N.N (ErrorInlineTestCase)
    Traceback (most recent call last):
    ...
    JsTestDriverError: y is not defined
    <BLANKLINE>
     (N.NNN s)
     testThrowAFit:BrowserN.N.N.N (ErrorInlineTestCase) (N.NNN s)
    <BLANKLINE>
    <BLANKLINE>
    Error in test testThrowAFit:BrowserN.N.N.N (ErrorInlineTestCase)
    Traceback (most recent call last):
    ...
    JsTestDriverError: "A Fit"
    <BLANKLINE>
     (N.NNN s)
     testThrowAnError:BrowserN.N.N.N (ErrorInlineTestCase) (N.NNN s)
    <BLANKLINE>
    <BLANKLINE>
    Error in test testThrowAnError:BrowserN.N.N.N (ErrorInlineTestCase)
    Traceback (most recent call last):
    ...
    JsTestDriverError: Some Messy Message
    <BLANKLINE>
     (N.NNN s)
     testAssertEquals:BrowserN.N.N.N (FailureTestCase) (N.NNN s)
    <BLANKLINE>
    <BLANKLINE>
    Failure in test testAssertEquals:BrowserN.N.N.N (FailureTestCase)
    Traceback (most recent call last):
    ...
    JsTestDriverFailure: /test_failure.js:4:5)
    <BLANKLINE>
     (N.NNN s)
     testAssertTrue:BrowserN.N.N.N (FailureTestCase) (N.NNN s)
    <BLANKLINE>
    <BLANKLINE>
    Failure in test testAssertTrue:BrowserN.N.N.N (FailureTestCase)
    Traceback (most recent call last):
    ...
    JsTestDriverFailure: /test_failure.js:8:5)
    <BLANKLINE>
     (N.NNN s)
     testAssertEquals:BrowserN.N.N.N (ErrorTestCase) (N.NNN s)
    <BLANKLINE>
    <BLANKLINE>
    Error in test testAssertEquals:BrowserN.N.N.N (ErrorTestCase)
    Traceback (most recent call last):
    ...
    JsTestDriverError: y is not defined
    <BLANKLINE>
     (N.NNN s)
     testAssertTrue:BrowserN.N.N.N (ErrorTestCase) (N.NNN s)
    <BLANKLINE>
    <BLANKLINE>
    Error in test testAssertTrue:BrowserN.N.N.N (ErrorTestCase)
    Traceback (most recent call last):
    ...
    JsTestDriverError: y is not defined
    <BLANKLINE>
     (N.NNN s)
     testAssertEquals:BrowserN.N.N.N (SuccessTestCase) (N.NNN s)
     testAssertTrue:BrowserN.N.N.N (SuccessTestCase) (N.NNN s)
     testAssertFalse:BrowserN.N.N.N (SuccessInlineTestCase) (N.NNN s)
     testAssertNull:BrowserN.N.N.N (SuccessInlineTestCase) (N.NNN s)
     testAssertFalse:BrowserN.N.N.N (FailureInlineTestCase) (N.NNN s)
    <BLANKLINE>
    <BLANKLINE>
    Failure in test testAssertFalse:BrowserN.N.N.N (FailureInlineTestCase)
    Traceback (most recent call last):
    ...
    JsTestDriverFailure: /test_failure.js:13:9)
    <BLANKLINE>
     (N.NNN s)
     testAssertNull:BrowserN.N.N.N (FailureInlineTestCase) (N.NNN s)
    <BLANKLINE>
    <BLANKLINE>
    Failure in test testAssertNull:BrowserN.N.N.N (FailureInlineTestCase)
    Traceback (most recent call last):
    ...
    JsTestDriverFailure: /test_failure.js:16:9)
    <BLANKLINE>
     (N.NNN s)
      Ran 14 tests with 4 failures and 6 errors in N.NNN seconds.
    Tearing down left over layers:
      Tear down lazr.testing.jstestdriver.JsTestDriverLayer in N.NNN seconds.
    <BLANKLINE>
    Tests with errors:
       testAssertFalse:BrowserN.N.N.N (ErrorInlineTestCase)
       testAssertNull:BrowserN.N.N.N (ErrorInlineTestCase)
       testThrowAFit:BrowserN.N.N.N (ErrorInlineTestCase)
       testThrowAnError:BrowserN.N.N.N (ErrorInlineTestCase)
       testAssertEquals:BrowserN.N.N.N (ErrorTestCase)
       testAssertTrue:BrowserN.N.N.N (ErrorTestCase)
    <BLANKLINE>
    Tests with failures:
       testAssertEquals:BrowserN.N.N.N (FailureTestCase)
       testAssertTrue:BrowserN.N.N.N (FailureTestCase)
       testAssertFalse:BrowserN.N.N.N (FailureInlineTestCase)
       testAssertNull:BrowserN.N.N.N (FailureInlineTestCase)
    True

    >>> del os.environ["JSTESTDRIVER_SELFTEST"]
